<?xml version="1.0" encoding="UTF-8"?>
<!-- Generated by org.testng.reporters.JUnitReportReporter -->
<testsuite hostname="LAPTOP-OS77LBS0" failures="0" tests="1" name="com.tutorialsninja.qa.testcases.Register" time="12.885" errors="0" timestamp="2023-05-02T14:53:00 IST" skipped="0">
  <testcase classname="com.tutorialsninja.qa.testcases.Register" name="verifySignInButtonFunctionality" time="12.885"/>
  <system-out/>
</testsuite> <!-- com.tutorialsninja.qa.testcases.Register -->
