<?xml version="1.0" encoding="UTF-8"?>
<!-- Generated by org.testng.reporters.JUnitReportReporter -->
<testsuite hostname="LAPTOP-OS77LBS0" failures="0" tests="1" name="com.tallentsavvy.qa.testcases.Register" time="15.079" errors="0" timestamp="2023-05-02T16:03:55 IST" skipped="0">
  <testcase classname="com.tallentsavvy.qa.testcases.Register" name="verifyLoginFunctionality" time="15.079"/>
  <system-out/>
</testsuite> <!-- com.tallentsavvy.qa.testcases.Register -->
